d:\study\ood\project3\project3\server1\sender\debug\vc120.pdb
d:\study\ood\project3\project3\server1\sender\debug\vc120.idb
d:\study\ood\project3\project3\server1\sender\debug\apphelpers.obj
d:\study\ood\project3\project3\server1\sender\debug\blockingqueue.obj
d:\study\ood\project3\project3\server1\sender\debug\display.obj
d:\study\ood\project3\project3\server1\sender\debug\filesystem.obj
d:\study\ood\project3\project3\server1\sender\debug\message.obj
d:\study\ood\project3\project3\server1\sender\debug\sockets.obj
d:\study\ood\project3\project3\server1\sender\debug\sender.obj
d:\study\ood\project3\project3\server1\debug\sender.ilk
d:\study\ood\project3\project3\server1\debug\sender.exe
d:\study\ood\project3\project3\server1\debug\sender.pdb
d:\project4\server\sender\debug\apphelpers.obj
d:\project4\server\sender\debug\blockingqueue.obj
d:\project4\server\sender\debug\display.obj
d:\project4\server\sender\debug\filesystem.obj
d:\project4\server\sender\debug\message.obj
d:\project4\server\sender\debug\sender.obj
d:\project4\server\sender\debug\sockets.obj
d:\project4\server\sender\debug\vc120.idb
d:\project4\server\sender\debug\vc120.pdb
d:\project4\server\debug\sender.pdb
d:\project4\server\debug\sender.exe
d:\project4\server\debug\sender.ilk
d:\project4\server\sender\debug\sender.tlog\cl.command.1.tlog
d:\project4\server\sender\debug\sender.tlog\cl.read.1.tlog
d:\project4\server\sender\debug\sender.tlog\cl.write.1.tlog
d:\project4\server\sender\debug\sender.tlog\link.command.1.tlog
d:\project4\server\sender\debug\sender.tlog\link.read.1.tlog
d:\project4\server\sender\debug\sender.tlog\link.write.1.tlog
